<?xml version="1.0" encoding="UTF-8"?>
<!-- Generated by org.testng.reporters.JUnitXMLReporter -->
<testsuite ignored="0" hostname="AnaCh" failures="0" tests="2" name="ParametersTest" time="0.109" errors="0" timestamp="2023-05-20T12:35:03 EDT">
  <testcase classname="com.smart.ParametersTesting" name="@BeforeTest initializeBrowser" time="0.024">
    <failure type="java.lang.NullPointerException" message="Cannot invoke &amp;quot;org.openqa.selenium.WebDriver.manage()&amp;quot; because &amp;quot;this.driver&amp;quot; is null">
      <![CDATA[java.lang.NullPointerException: Cannot invoke "org.openqa.selenium.WebDriver.manage()" because "this.driver" is null
at com.smart.ParametersTesting.initializeBrowser(ParametersTesting.java:51)
... Removed 24 stack frames]]>
    </failure>
  </testcase> <!-- @BeforeTest initializeBrowser -->
  <testcase classname="com.smart.ParametersTesting" name="@AfterTest tearDown" time="0.0">
    <skipped/>
  </testcase> <!-- @AfterTest tearDown -->
  <testcase classname="com.smart.ParametersTesting" name="launchApplication" time="0.0">
    <skipped/>
  </testcase> <!-- launchApplication -->
  <testcase classname="com.smart.ParametersTesting" name="verifyLogin" time="0.0">
    <skipped/>
  </testcase> <!-- verifyLogin -->
</testsuite> <!-- ParametersTest -->
