<?xml version="1.0" encoding="UTF-8"?>
<!-- Generated by org.testng.reporters.JUnitXMLReporter -->
<testsuite ignored="0" hostname="AnaCh" failures="0" tests="7" name="Test2" time="0.038" errors="0" timestamp="2023-05-20T14:53:29 EDT">
  <testcase classname="com.smartParallelTest.TestClass2" name="testMethod2" time="0.002"/>
  <testcase classname="com.smartParallelTest.TestClass2" name="testMethod3" time="0.005"/>
  <testcase classname="com.smartParallelTest.TestClass2" name="testMethod4" time="0.002"/>
  <testcase classname="com.smartParallelTest.TestClass2" name="testMethod5" time="0.001"/>
  <testcase classname="com.smartParallelTest.TestClass2" name="testMethod6" time="0.001"/>
  <testcase classname="com.smartParallelTest.TestClass2" name="testMethod7" time="0.001"/>
  <testcase classname="com.smartParallelTest.TestClass2" name="testMethod8" time="0.001"/>
</testsuite> <!-- Test2 -->
